<?xml version="1.0" encoding="UTF-8"?>
<robot generator="Robot 6.1.1 (Python 3.12.0 on win32)" generated="20231106 12:50:36.054" rpa="false" schemaversion="4">
<suite id="s1" name="Examen" source="C:\Users\carli\Downloads\Calidad\Examen.robot">
<test id="s1-t1" name="loqueo" line="9">
<kw name="Open Browser" library="SeleniumLibrary">
<arg>${Url}</arg>
<arg>${browser}</arg>
<doc>Opens a new browser instance to the optional ``url``.</doc>
<msg timestamp="20231106 12:50:36.305" level="INFO">Opening browser 'chrome' to base url 'https://laboratoriojuanpablollantigua.bsite.net/Authentication/Login'.</msg>
<status status="PASS" starttime="20231106 12:50:36.305" endtime="20231106 12:50:38.910"/>
</kw>
<kw name="Input Text" library="SeleniumLibrary">
<arg>name:Username</arg>
<arg>cmarisol</arg>
<doc>Types the given ``text`` into the text field identified by ``locator``.</doc>
<msg timestamp="20231106 12:50:38.914" level="INFO">Typing text 'cmarisol' into text field 'name:Username'.</msg>
<status status="PASS" starttime="20231106 12:50:38.912" endtime="20231106 12:50:39.272"/>
</kw>
<kw name="Input Text" library="SeleniumLibrary">
<arg>name:Password</arg>
<arg>1234</arg>
<doc>Types the given ``text`` into the text field identified by ``locator``.</doc>
<msg timestamp="20231106 12:50:39.273" level="INFO">Typing text '1234' into text field 'name:Password'.</msg>
<status status="PASS" starttime="20231106 12:50:39.272" endtime="20231106 12:50:39.413"/>
</kw>
<kw name="Click Button" library="SeleniumLibrary">
<arg>xpath://*[@id="btnLogin"]</arg>
<doc>Clicks the button identified by ``locator``.</doc>
<msg timestamp="20231106 12:50:39.414" level="INFO">Clicking button 'xpath://*[@id="btnLogin"]'.</msg>
<status status="PASS" starttime="20231106 12:50:39.414" endtime="20231106 12:50:40.587"/>
</kw>
<kw name="Sleep" library="BuiltIn">
<arg>5s</arg>
<doc>Pauses the test executed for the given time.</doc>
<msg timestamp="20231106 12:50:45.588" level="INFO">Slept 5 seconds</msg>
<status status="PASS" starttime="20231106 12:50:40.588" endtime="20231106 12:50:45.588"/>
</kw>
<kw name="Close Browser" library="SeleniumLibrary">
<doc>Closes the current browser.</doc>
<status status="PASS" starttime="20231106 12:50:45.589" endtime="20231106 12:50:47.820"/>
</kw>
<status status="PASS" starttime="20231106 12:50:36.304" endtime="20231106 12:50:47.821"/>
</test>
<status status="PASS" starttime="20231106 12:50:36.056" endtime="20231106 12:50:47.823"/>
</suite>
<statistics>
<total>
<stat pass="1" fail="0" skip="0">All Tests</stat>
</total>
<tag>
</tag>
<suite>
<stat pass="1" fail="0" skip="0" id="s1" name="Examen">Examen</stat>
</suite>
</statistics>
<errors>
</errors>
</robot>
